<?xml version="1.0" encoding="UTF-8"?>
<!-- Generated by org.testng.reporters.JUnitXMLReporter -->
<testsuite hostname="Abhijeets-MacBook-Pro.local" name="testngsmokeTest" tests="5" failures="0" timestamp="14 Dec 2019 23:51:30 GMT" time="0.04" errors="0">
  <testcase name="Car1" time="0.009" classname="com.testNGDemo.GroupingofTC"/>
  <testcase name="Car2" time="0.002" classname="com.testNGDemo.GroupingofTC"/>
  <testcase name="Scooter1" time="0.001" classname="com.testNGDemo.GroupingofTC"/>
  <testcase name="Scooter2" time="0.002" classname="com.testNGDemo.GroupingofTC"/>
  <testcase name="Sedan1" time="0.001" classname="com.testNGDemo.GroupingofTC"/>
</testsuite> <!-- testngsmokeTest -->
