<?xml version="1.0" encoding="UTF-8"?>
<!-- Generated by org.testng.reporters.JUnitXMLReporter -->
<testsuite hostname="192.168.1.6" name="testngsmokeTest" tests="3" failures="0" timestamp="2 Dec 2019 05:54:40 GMT" time="26.921" errors="0">
  <testcase name="verifythemessageofCustomBlock" time="0.561" classname="com.smokesuite.HomePageTest"/>
  <testcase name="when_we_hover_women_we_should_be_able_to_select_dress" time="2.522" classname="com.smokesuite.HomePageTest"/>
  <testcase name="verifyHomePageTitleTest" time="0.007" classname="com.smokesuite.HomePageTest"/>
</testsuite> <!-- testngsmokeTest -->
