<?xml version="1.0" encoding="UTF-8"?>
<!-- Generated by org.testng.reporters.JUnitXMLReporter -->
<testsuite hostname="192.168.1.4" name="Command line test" tests="3" failures="0" timestamp="1 Dec 2019 13:44:25 GMT" time="27.432" errors="0">
  <testcase name="Test1" time="0.003" classname="Sel.Testing.AppTest"/>
  <testcase name="verifyHomePageTitleTest" time="0.005" classname="com.smokesuite.HomePageTest"/>
  <testcase name="when_we_hover_women_we_should_be_able_to_select_dress" time="3.465" classname="com.smokesuite.HomePageTest"/>
</testsuite> <!-- Command line test -->
