<?xml version="1.0" encoding="UTF-8"?>
<testng-results skipped="0" failed="0" total="5" passed="5">
  <reporter-output>
  </reporter-output>
  <suite name="shopingPortalTest" duration-ms="40" started-at="2019-12-14T23:51:30Z" finished-at="2019-12-14T23:51:30Z">
    <groups>
      <group name="Scooter">
        <method signature="GroupingofTC.Scooter1()[pri:0, instance:com.testNGDemo.GroupingofTC@43d7741f]" name="Scooter1" class="com.testNGDemo.GroupingofTC"/>
        <method signature="GroupingofTC.Scooter2()[pri:0, instance:com.testNGDemo.GroupingofTC@43d7741f]" name="Scooter2" class="com.testNGDemo.GroupingofTC"/>
      </group> <!-- Scooter -->
      <group name="Car">
        <method signature="GroupingofTC.Car1()[pri:0, instance:com.testNGDemo.GroupingofTC@43d7741f]" name="Car1" class="com.testNGDemo.GroupingofTC"/>
        <method signature="GroupingofTC.Car2()[pri:0, instance:com.testNGDemo.GroupingofTC@43d7741f]" name="Car2" class="com.testNGDemo.GroupingofTC"/>
        <method signature="GroupingofTC.Sedan1()[pri:0, instance:com.testNGDemo.GroupingofTC@43d7741f]" name="Sedan1" class="com.testNGDemo.GroupingofTC"/>
      </group> <!-- Car -->
      <group name="Sedan Car">
        <method signature="GroupingofTC.Sedan1()[pri:0, instance:com.testNGDemo.GroupingofTC@43d7741f]" name="Sedan1" class="com.testNGDemo.GroupingofTC"/>
      </group> <!-- Sedan Car -->
    </groups>
    <test name="testngsmokeTest" duration-ms="40" started-at="2019-12-14T23:51:30Z" finished-at="2019-12-14T23:51:30Z">
      <class name="com.testNGDemo.GroupingofTC">
        <test-method status="PASS" signature="setLogger()[pri:0, instance:com.testNGDemo.GroupingofTC@43d7741f]" name="setLogger" is-config="true" duration-ms="4" started-at="2019-12-15T05:21:30Z" finished-at="2019-12-15T05:21:30Z">
          <reporter-output>
          </reporter-output>
        </test-method> <!-- setLogger -->
        <test-method status="PASS" signature="Car1()[pri:0, instance:com.testNGDemo.GroupingofTC@43d7741f]" name="Car1" duration-ms="9" started-at="2019-12-15T05:21:30Z" finished-at="2019-12-15T05:21:30Z">
          <reporter-output>
          </reporter-output>
        </test-method> <!-- Car1 -->
        <test-method status="PASS" signature="setLogger()[pri:0, instance:com.testNGDemo.GroupingofTC@43d7741f]" name="setLogger" is-config="true" duration-ms="0" started-at="2019-12-15T05:21:30Z" finished-at="2019-12-15T05:21:30Z">
          <reporter-output>
          </reporter-output>
        </test-method> <!-- setLogger -->
        <test-method status="PASS" signature="Car2()[pri:0, instance:com.testNGDemo.GroupingofTC@43d7741f]" name="Car2" duration-ms="2" started-at="2019-12-15T05:21:30Z" finished-at="2019-12-15T05:21:30Z">
          <reporter-output>
          </reporter-output>
        </test-method> <!-- Car2 -->
        <test-method status="PASS" signature="setLogger()[pri:0, instance:com.testNGDemo.GroupingofTC@43d7741f]" name="setLogger" is-config="true" duration-ms="0" started-at="2019-12-15T05:21:30Z" finished-at="2019-12-15T05:21:30Z">
          <reporter-output>
          </reporter-output>
        </test-method> <!-- setLogger -->
        <test-method status="PASS" signature="Scooter1()[pri:0, instance:com.testNGDemo.GroupingofTC@43d7741f]" name="Scooter1" duration-ms="1" started-at="2019-12-15T05:21:30Z" finished-at="2019-12-15T05:21:30Z">
          <reporter-output>
          </reporter-output>
        </test-method> <!-- Scooter1 -->
        <test-method status="PASS" signature="Scooter2()[pri:0, instance:com.testNGDemo.GroupingofTC@43d7741f]" name="Scooter2" duration-ms="2" started-at="2019-12-15T05:21:30Z" finished-at="2019-12-15T05:21:30Z">
          <reporter-output>
          </reporter-output>
        </test-method> <!-- Scooter2 -->
        <test-method status="PASS" signature="setLogger()[pri:0, instance:com.testNGDemo.GroupingofTC@43d7741f]" name="setLogger" is-config="true" duration-ms="0" started-at="2019-12-15T05:21:30Z" finished-at="2019-12-15T05:21:30Z">
          <reporter-output>
          </reporter-output>
        </test-method> <!-- setLogger -->
        <test-method status="PASS" signature="Sedan1()[pri:0, instance:com.testNGDemo.GroupingofTC@43d7741f]" name="Sedan1" duration-ms="1" started-at="2019-12-15T05:21:30Z" finished-at="2019-12-15T05:21:30Z">
          <reporter-output>
          </reporter-output>
        </test-method> <!-- Sedan1 -->
        <test-method status="PASS" signature="setLogger()[pri:0, instance:com.testNGDemo.GroupingofTC@43d7741f]" name="setLogger" is-config="true" duration-ms="0" started-at="2019-12-15T05:21:30Z" finished-at="2019-12-15T05:21:30Z">
          <reporter-output>
          </reporter-output>
        </test-method> <!-- setLogger -->
      </class> <!-- com.testNGDemo.GroupingofTC -->
    </test> <!-- testngsmokeTest -->
  </suite> <!-- shopingPortalTest -->
</testng-results>
