<?xml version="1.0" encoding="UTF-8"?>
<testng-results skipped="0" failed="0" total="3" passed="3">
  <reporter-output>
  </reporter-output>
  <suite name="shopingPortalTest" duration-ms="26921" started-at="2019-12-02T05:54:13Z" finished-at="2019-12-02T05:54:40Z">
    <groups>
    </groups>
    <test name="testngsmokeTest" duration-ms="26921" started-at="2019-12-02T05:54:13Z" finished-at="2019-12-02T05:54:40Z">
      <class name="com.smokesuite.HomePageTest">
        <test-method status="PASS" signature="setUp()[pri:0, instance:com.smokesuite.HomePageTest@4520ebad]" name="setUp" is-config="true" duration-ms="9314" started-at="2019-12-02T11:24:13Z" finished-at="2019-12-02T11:24:23Z">
          <reporter-output>
          </reporter-output>
        </test-method> <!-- setUp -->
        <test-method status="PASS" signature="verifythemessageofCustomBlock()[pri:0, instance:com.smokesuite.HomePageTest@4520ebad]" name="verifythemessageofCustomBlock" duration-ms="561" started-at="2019-12-02T11:24:23Z" finished-at="2019-12-02T11:24:23Z">
          <reporter-output>
          </reporter-output>
        </test-method> <!-- verifythemessageofCustomBlock -->
        <test-method status="PASS" signature="tearDown()[pri:0, instance:com.smokesuite.HomePageTest@4520ebad]" name="tearDown" is-config="true" duration-ms="96" started-at="2019-12-02T11:24:23Z" finished-at="2019-12-02T11:24:23Z">
          <reporter-output>
          </reporter-output>
        </test-method> <!-- tearDown -->
        <test-method status="PASS" signature="setUp()[pri:0, instance:com.smokesuite.HomePageTest@4520ebad]" name="setUp" is-config="true" duration-ms="7117" started-at="2019-12-02T11:24:23Z" finished-at="2019-12-02T11:24:30Z">
          <reporter-output>
          </reporter-output>
        </test-method> <!-- setUp -->
        <test-method status="PASS" signature="when_we_hover_women_we_should_be_able_to_select_dress()[pri:0, instance:com.smokesuite.HomePageTest@4520ebad]" name="when_we_hover_women_we_should_be_able_to_select_dress" duration-ms="2522" started-at="2019-12-02T11:24:30Z" finished-at="2019-12-02T11:24:33Z">
          <reporter-output>
          </reporter-output>
        </test-method> <!-- when_we_hover_women_we_should_be_able_to_select_dress -->
        <test-method status="PASS" signature="tearDown()[pri:0, instance:com.smokesuite.HomePageTest@4520ebad]" name="tearDown" is-config="true" duration-ms="100" started-at="2019-12-02T11:24:33Z" finished-at="2019-12-02T11:24:33Z">
          <reporter-output>
          </reporter-output>
        </test-method> <!-- tearDown -->
        <test-method status="PASS" signature="setUp()[pri:0, instance:com.smokesuite.HomePageTest@4520ebad]" name="setUp" is-config="true" duration-ms="7102" started-at="2019-12-02T11:24:33Z" finished-at="2019-12-02T11:24:40Z">
          <reporter-output>
          </reporter-output>
        </test-method> <!-- setUp -->
        <test-method status="PASS" signature="verifyHomePageTitleTest()[pri:0, instance:com.smokesuite.HomePageTest@4520ebad]" name="verifyHomePageTitleTest" duration-ms="7" started-at="2019-12-02T11:24:40Z" finished-at="2019-12-02T11:24:40Z">
          <reporter-output>
          </reporter-output>
        </test-method> <!-- verifyHomePageTitleTest -->
        <test-method status="PASS" signature="tearDown()[pri:0, instance:com.smokesuite.HomePageTest@4520ebad]" name="tearDown" is-config="true" duration-ms="88" started-at="2019-12-02T11:24:40Z" finished-at="2019-12-02T11:24:40Z">
          <reporter-output>
          </reporter-output>
        </test-method> <!-- tearDown -->
      </class> <!-- com.smokesuite.HomePageTest -->
    </test> <!-- testngsmokeTest -->
  </suite> <!-- shopingPortalTest -->
</testng-results>
