<?xml version="1.0" encoding="UTF-8"?>
<testng-results skipped="0" failed="0" total="3" passed="3">
  <reporter-output>
  </reporter-output>
  <suite name="Command line suite" duration-ms="27432" started-at="2019-12-01T13:43:58Z" finished-at="2019-12-01T13:44:25Z">
    <groups>
    </groups>
    <test name="Command line test" duration-ms="27432" started-at="2019-12-01T13:43:58Z" finished-at="2019-12-01T13:44:25Z">
      <class name="Sel.Testing.AppTest">
        <test-method status="PASS" signature="SetUp()[pri:0, instance:Sel.Testing.AppTest@dfd3711]" name="SetUp" is-config="true" duration-ms="10308" started-at="2019-12-01T19:13:58Z" finished-at="2019-12-01T19:14:08Z">
          <reporter-output>
          </reporter-output>
        </test-method> <!-- SetUp -->
        <test-method status="PASS" signature="Test1()[pri:0, instance:Sel.Testing.AppTest@dfd3711]" name="Test1" duration-ms="3" started-at="2019-12-01T19:14:08Z" finished-at="2019-12-01T19:14:08Z">
          <reporter-output>
          </reporter-output>
        </test-method> <!-- Test1 -->
      </class> <!-- Sel.Testing.AppTest -->
      <class name="com.smokesuite.HomePageTest">
        <test-method status="PASS" signature="setUp()[pri:0, instance:com.smokesuite.HomePageTest@1a407d53]" name="setUp" is-config="true" duration-ms="6704" started-at="2019-12-01T19:14:08Z" finished-at="2019-12-01T19:14:15Z">
          <reporter-output>
          </reporter-output>
        </test-method> <!-- setUp -->
        <test-method status="PASS" signature="verifyHomePageTitleTest()[pri:0, instance:com.smokesuite.HomePageTest@1a407d53]" name="verifyHomePageTitleTest" duration-ms="5" started-at="2019-12-01T19:14:15Z" finished-at="2019-12-01T19:14:15Z">
          <reporter-output>
          </reporter-output>
        </test-method> <!-- verifyHomePageTitleTest -->
        <test-method status="PASS" signature="tearDown()[pri:0, instance:com.smokesuite.HomePageTest@1a407d53]" name="tearDown" is-config="true" duration-ms="95" started-at="2019-12-01T19:14:15Z" finished-at="2019-12-01T19:14:15Z">
          <reporter-output>
          </reporter-output>
        </test-method> <!-- tearDown -->
        <test-method status="PASS" signature="setUp()[pri:0, instance:com.smokesuite.HomePageTest@1a407d53]" name="setUp" is-config="true" duration-ms="6745" started-at="2019-12-01T19:14:15Z" finished-at="2019-12-01T19:14:22Z">
          <reporter-output>
          </reporter-output>
        </test-method> <!-- setUp -->
        <test-method status="PASS" signature="when_we_hover_women_we_should_be_able_to_select_dress()[pri:0, instance:com.smokesuite.HomePageTest@1a407d53]" name="when_we_hover_women_we_should_be_able_to_select_dress" duration-ms="3465" started-at="2019-12-01T19:14:22Z" finished-at="2019-12-01T19:14:25Z">
          <reporter-output>
          </reporter-output>
        </test-method> <!-- when_we_hover_women_we_should_be_able_to_select_dress -->
        <test-method status="PASS" signature="tearDown()[pri:0, instance:com.smokesuite.HomePageTest@1a407d53]" name="tearDown" is-config="true" duration-ms="96" started-at="2019-12-01T19:14:25Z" finished-at="2019-12-01T19:14:25Z">
          <reporter-output>
          </reporter-output>
        </test-method> <!-- tearDown -->
      </class> <!-- com.smokesuite.HomePageTest -->
    </test> <!-- Command line test -->
  </suite> <!-- Command line suite -->
</testng-results>
